2023-05-23 14:02:35,105 INFO PERFORMANCE:|0|0|-1|-1

2023-05-23 14:07:35,112 INFO PERFORMANCE:|0|0|-1|-1

2023-05-23 14:12:35,114 INFO PERFORMANCE:|0|0|-1|-1

2023-05-23 14:17:35,119 INFO PERFORMANCE:|0|0|-1|-1

2023-05-23 14:22:35,135 INFO PERFORMANCE:|0|0|-1|-1

2023-05-23 14:27:35,140 INFO PERFORMANCE:|0|0|-1|-1

2023-05-23 14:32:35,147 INFO PERFORMANCE:|0|0|-1|-1

2023-05-23 14:37:35,156 INFO PERFORMANCE:|0|0|-1|-1

2023-05-23 14:42:35,163 INFO PERFORMANCE:|0|0|-1|-1

2023-05-23 14:47:35,174 INFO PERFORMANCE:|0|0|-1|-1

2023-05-23 14:52:35,176 INFO PERFORMANCE:|0|0|-1|-1

2023-05-23 14:57:35,196 INFO PERFORMANCE:|0|0|-1|-1

2023-05-23 15:02:35,211 INFO PERFORMANCE:|0|0|-1|-1

2023-05-23 15:07:35,218 INFO PERFORMANCE:|0|0|-1|-1

2023-05-23 15:12:35,221 INFO PERFORMANCE:|0|0|-1|-1

2023-05-23 15:17:35,226 INFO PERFORMANCE:|0|0|-1|-1

2023-05-23 15:22:35,228 INFO PERFORMANCE:|0|0|-1|-1

2023-05-23 15:27:35,232 INFO PERFORMANCE:|0|0|-1|-1

2023-05-23 15:32:35,246 INFO PERFORMANCE:|0|0|-1|-1

2023-05-23 15:37:35,254 INFO PERFORMANCE:|0|0|-1|-1

2023-05-23 15:42:35,266 INFO PERFORMANCE:|0|0|-1|-1

2023-05-23 15:47:35,279 INFO PERFORMANCE:|0|0|-1|-1

2023-05-23 15:52:35,286 INFO PERFORMANCE:|0|0|-1|-1

2023-05-23 15:57:35,300 INFO PERFORMANCE:|0|0|-1|-1

2023-05-23 16:02:35,303 INFO PERFORMANCE:|0|0|-1|-1

2023-05-23 16:07:35,304 INFO PERFORMANCE:|0|0|-1|-1

2023-05-23 16:12:35,315 INFO PERFORMANCE:|0|0|-1|-1

2023-05-23 16:17:35,320 INFO PERFORMANCE:|0|0|-1|-1

2023-05-23 16:22:35,328 INFO PERFORMANCE:|0|0|-1|-1

2023-05-23 16:27:35,342 INFO PERFORMANCE:|0|0|-1|-1

2023-05-23 16:32:35,342 INFO PERFORMANCE:|0|0|-1|-1

2023-05-23 16:37:35,352 INFO PERFORMANCE:|0|0|-1|-1

2023-05-23 16:42:35,352 INFO PERFORMANCE:|0|0|-1|-1

2023-05-23 16:47:35,360 INFO PERFORMANCE:|0|0|-1|-1

2023-05-23 16:52:35,362 INFO PERFORMANCE:|0|0|-1|-1

2023-05-23 16:57:35,369 INFO PERFORMANCE:|0|0|-1|-1

2023-05-23 17:02:35,377 INFO PERFORMANCE:|0|0|-1|-1

2023-05-23 17:07:35,387 INFO PERFORMANCE:|0|0|-1|-1

2023-05-23 17:12:35,389 INFO PERFORMANCE:|0|0|-1|-1

2023-05-23 17:17:35,390 INFO PERFORMANCE:|0|0|-1|-1

2023-05-23 17:22:35,402 INFO PERFORMANCE:|0|0|-1|-1

2023-05-23 17:27:35,409 INFO PERFORMANCE:|0|0|-1|-1

2023-05-23 17:32:35,411 INFO PERFORMANCE:|0|0|-1|-1

2023-05-23 17:37:35,427 INFO PERFORMANCE:|0|0|-1|-1

2023-05-23 17:42:35,432 INFO PERFORMANCE:|0|0|-1|-1

2023-05-23 17:47:35,448 INFO PERFORMANCE:|0|0|-1|-1

2023-05-23 17:52:35,457 INFO PERFORMANCE:|0|0|-1|-1

2023-05-23 17:57:35,463 INFO PERFORMANCE:|0|0|-1|-1

2023-05-23 18:02:35,471 INFO PERFORMANCE:|0|0|-1|-1

2023-05-23 18:07:35,473 INFO PERFORMANCE:|0|0|-1|-1

2023-05-23 18:12:35,481 INFO PERFORMANCE:|0|0|-1|-1

2023-05-23 18:17:35,496 INFO PERFORMANCE:|0|0|-1|-1

2023-05-23 18:22:35,508 INFO PERFORMANCE:|0|0|-1|-1

2023-05-23 18:27:35,514 INFO PERFORMANCE:|0|0|-1|-1

2023-05-23 18:32:35,525 INFO PERFORMANCE:|0|0|-1|-1

2023-05-23 18:37:35,529 INFO PERFORMANCE:|0|0|-1|-1

2023-05-23 18:42:35,534 INFO PERFORMANCE:|0|0|-1|-1

2023-05-23 18:47:35,547 INFO PERFORMANCE:|0|0|-1|-1

2023-05-23 18:52:35,563 INFO PERFORMANCE:|0|0|-1|-1

2023-05-23 18:57:35,578 INFO PERFORMANCE:|0|0|-1|-1

2023-05-23 19:02:35,591 INFO PERFORMANCE:|0|0|-1|-1

2023-05-23 19:07:35,596 INFO PERFORMANCE:|0|0|-1|-1

2023-05-23 19:12:35,603 INFO PERFORMANCE:|0|0|-1|-1

2023-05-23 19:17:35,606 INFO PERFORMANCE:|0|0|-1|-1

2023-05-23 19:22:35,616 INFO PERFORMANCE:|0|0|-1|-1

2023-05-23 19:27:35,617 INFO PERFORMANCE:|0|0|-1|-1

2023-05-23 19:32:35,624 INFO PERFORMANCE:|0|0|-1|-1

2023-05-23 19:37:35,632 INFO PERFORMANCE:|0|0|-1|-1

2023-05-23 19:42:35,639 INFO PERFORMANCE:|0|0|-1|-1

2023-05-23 19:47:35,641 INFO PERFORMANCE:|0|0|-1|-1

2023-05-23 19:52:35,649 INFO PERFORMANCE:|0|0|-1|-1

2023-05-23 19:57:35,660 INFO PERFORMANCE:|0|0|-1|-1

2023-05-23 20:02:35,665 INFO PERFORMANCE:|0|0|-1|-1

2023-05-23 20:07:35,669 INFO PERFORMANCE:|0|0|-1|-1

2023-05-23 20:12:35,679 INFO PERFORMANCE:|0|0|-1|-1

2023-05-23 20:17:35,693 INFO PERFORMANCE:|0|0|-1|-1

2023-05-23 20:22:35,703 INFO PERFORMANCE:|0|0|-1|-1

2023-05-23 20:27:35,712 INFO PERFORMANCE:|0|0|-1|-1

2023-05-23 20:32:35,720 INFO PERFORMANCE:|0|0|-1|-1

2023-05-23 20:37:35,724 INFO PERFORMANCE:|0|0|-1|-1

2023-05-23 20:42:35,740 INFO PERFORMANCE:|0|0|-1|-1

2023-05-23 20:47:35,751 INFO PERFORMANCE:|0|0|-1|-1

2023-05-23 20:52:35,754 INFO PERFORMANCE:|0|0|-1|-1

2023-05-23 20:57:35,758 INFO PERFORMANCE:|0|0|-1|-1

2023-05-23 21:02:35,766 INFO PERFORMANCE:|0|0|-1|-1

2023-05-23 21:07:35,779 INFO PERFORMANCE:|0|0|-1|-1

2023-05-23 21:12:35,781 INFO PERFORMANCE:|0|0|-1|-1

2023-05-23 21:17:35,795 INFO PERFORMANCE:|0|0|-1|-1

2023-05-23 21:22:35,808 INFO PERFORMANCE:|0|0|-1|-1

2023-05-23 21:27:35,823 INFO PERFORMANCE:|0|0|-1|-1

2023-05-23 21:32:35,835 INFO PERFORMANCE:|0|0|-1|-1

2023-05-23 21:37:35,840 INFO PERFORMANCE:|0|0|-1|-1

2023-05-23 21:42:35,853 INFO PERFORMANCE:|0|0|-1|-1

2023-05-23 21:47:35,862 INFO PERFORMANCE:|0|0|-1|-1

2023-05-23 21:52:35,871 INFO PERFORMANCE:|0|0|-1|-1

2023-05-23 21:57:35,876 INFO PERFORMANCE:|0|0|-1|-1

2023-05-23 22:02:35,880 INFO PERFORMANCE:|0|0|-1|-1

